May 29, 2017 1:25:16 PM codeu.chat.EchobotMain main
INFO: ============================= START OF LOG =============================
May 29, 2017 1:25:16 PM codeu.chat.EchobotMain main
INFO: Starting bot client...
May 29, 2017 1:25:16 PM codeu.chat.EchobotMain main
INFO: Creating bot...
May 29, 2017 1:25:16 PM codeu.chat.client.Controller newUser
INFO: newUser: Request completed.
May 29, 2017 1:25:16 PM codeu.chat.client.Controller newUser
INFO: newUser: Response completed.
May 29, 2017 1:25:16 PM codeu.chat.client.ClientUser addUser
INFO: New user complete, Name= "Echobot-0" UUID=[UUID:101.3777364203]
May 29, 2017 1:25:16 PM codeu.chat.client.ClientConversation startConversation
INFO: New conversation: Title= "Echobot-0" UUID= [UUID:101.3940351018]
May 29, 2017 1:25:16 PM codeu.chat.client.ClientConversation updateCurrentConversation
INFO: Get Conversation: Title="Echobot-0" UUID=[UUID:101.3940351018] first=[UUID:0] last=[UUID:0]

May 29, 2017 1:25:16 PM codeu.chat.client.ClientMessage updateMessages
INFO: ConversationHead: Title="Echobot-0" UUID=[UUID:101.3940351018] first=[UUID:0] last=[UUID:0]

May 29, 2017 1:25:16 PM codeu.chat.client.ClientMessage getCurrentMessageFetchId
INFO: Refetch all messages: replaceAll=true firstMessage=[UUID:0]
May 29, 2017 1:25:16 PM codeu.chat.client.ClientMessage updateMessages
INFO: Retrieved 0 messages for conversation [UUID:101.3940351018] (Echobot-0).

May 29, 2017 1:25:16 PM codeu.chat.client.ClientMessage addMessage
INFO: New message:, Author= [UUID:101.3777364203] UUID= [UUID:101.3465737957]
May 29, 2017 1:25:16 PM codeu.chat.client.ClientMessage updateMessages
INFO: ConversationHead: Title="Echobot-0" UUID=[UUID:101.3940351018] first=[UUID:101.3465737957] last=[UUID:101.3465737957]

May 29, 2017 1:25:16 PM codeu.chat.client.ClientMessage getCurrentMessageFetchId
INFO: Refetch all messages: replaceAll=false firstMessage=[UUID:101.3465737957]
May 29, 2017 1:25:16 PM codeu.chat.client.ClientMessage updateMessages
INFO: Retrieved 1 messages for conversation [UUID:101.3940351018] (Echobot-0).

May 29, 2017 1:25:16 PM codeu.chat.EchobotMain main
INFO: Created bot
