Mar 14, 2017 12:13:19 PM codeu.chat.ServerMain main
INFO: ============================= START OF LOG =============================
Mar 14, 2017 12:13:19 PM codeu.chat.ServerMain main
INFO: Starting server...
Mar 14, 2017 12:13:19 PM codeu.chat.ServerMain runServer
INFO: Server object created.
Mar 14, 2017 12:13:19 PM codeu.chat.ServerMain runServer
INFO: Starting hub...
Mar 14, 2017 12:18:29 PM codeu.chat.server.Server handleConnection
INFO: Handling new connection...
Mar 14, 2017 12:18:47 PM codeu.chat.server.Server handleConnection
INFO: Handling new connection...
Mar 14, 2017 12:18:47 PM codeu.chat.server.Controller newUser
INFO: newUser success (user.id=[UUID:100.101.2102073541] user.name=thao user.time=14-Mar-2017 12:18:47.272)
Mar 14, 2017 12:18:47 PM codeu.chat.server.Server handleConnection
INFO: Handling new connection...
Mar 14, 2017 12:18:52 PM codeu.chat.server.Server handleConnection
INFO: Handling new connection...
Mar 14, 2017 12:19:10 PM codeu.chat.server.Server handleConnection
INFO: Handling new connection...
Mar 14, 2017 12:19:29 PM codeu.chat.server.Server handleConnection
INFO: Handling new connection...
Mar 14, 2017 12:19:38 PM codeu.chat.server.Server handleConnection
INFO: Handling new connection...
Mar 14, 2017 12:19:38 PM codeu.chat.server.Controller newConversation
INFO: Conversation added: [UUID:100.101.3581427987]
Mar 14, 2017 12:19:38 PM codeu.chat.server.Server handleConnection
INFO: Handling new connection...
Mar 14, 2017 12:19:38 PM codeu.chat.server.Server handleConnection
INFO: Handling new connection...
Mar 14, 2017 12:19:38 PM codeu.chat.server.Server handleConnection
INFO: Handling new connection...
Mar 14, 2017 12:19:47 PM codeu.chat.server.Server handleConnection
INFO: Handling new connection...
Mar 14, 2017 12:19:54 PM codeu.chat.server.Server handleConnection
INFO: Handling new connection...
Mar 14, 2017 12:19:54 PM codeu.chat.server.Controller newMessage
INFO: Message added: [UUID:100.101.2114849935]
Mar 14, 2017 12:19:54 PM codeu.chat.server.Server handleConnection
INFO: Handling new connection...
Mar 14, 2017 12:19:54 PM codeu.chat.server.Server handleConnection
INFO: Handling new connection...
Mar 14, 2017 12:19:54 PM codeu.chat.server.View getMessages
INFO: in getMessage: UUID=[UUID:100.101.2114849935] range=5
