May 30, 2017 1:45:57 AM codeu.chat.ServerMain main
INFO: ============================= START OF LOG =============================
May 30, 2017 1:45:57 AM codeu.chat.ServerMain main
INFO: Starting server...
May 30, 2017 1:45:57 AM codeu.chat.ServerMain runServer
INFO: Created server.
May 30, 2017 1:45:57 AM codeu.chat.server.Server$1 run
INFO: Reading update from relay...
May 30, 2017 1:45:57 AM codeu.chat.ServerMain runServer
INFO: Established connection...
May 30, 2017 1:46:02 AM codeu.chat.ServerMain runServer
INFO: Connection established.
May 30, 2017 1:46:02 AM codeu.chat.ServerMain runServer
INFO: Established connection...
May 30, 2017 1:46:02 AM codeu.chat.server.Server$2 run
INFO: Handling connection...
May 30, 2017 1:46:02 AM codeu.chat.server.Server$2 run
INFO: Connection handled: ACCEPTED
May 30, 2017 1:46:02 AM codeu.chat.ServerMain runServer
INFO: Connection established.
May 30, 2017 1:46:02 AM codeu.chat.ServerMain runServer
INFO: Established connection...
May 30, 2017 1:46:02 AM codeu.chat.server.Server$2 run
INFO: Handling connection...
May 30, 2017 1:46:02 AM codeu.chat.server.Server$2 run
INFO: Connection handled: ACCEPTED
May 30, 2017 1:46:02 AM codeu.chat.server.Server$1 run
INFO: Reading update from relay...
May 30, 2017 1:46:06 AM codeu.chat.ServerMain runServer
INFO: Connection established.
May 30, 2017 1:46:06 AM codeu.chat.ServerMain runServer
INFO: Established connection...
May 30, 2017 1:46:06 AM codeu.chat.server.Server$2 run
INFO: Handling connection...
May 30, 2017 1:46:06 AM codeu.chat.server.Server$2 run
INFO: Connection handled: ACCEPTED
May 30, 2017 1:46:06 AM codeu.chat.ServerMain runServer
INFO: Connection established.
May 30, 2017 1:46:06 AM codeu.chat.ServerMain runServer
INFO: Established connection...
May 30, 2017 1:46:06 AM codeu.chat.server.Server$2 run
INFO: Handling connection...
May 30, 2017 1:46:06 AM codeu.chat.server.View getMessages
INFO: in getMessage: UUID=[UUID:100.3393959036] range=5
May 30, 2017 1:46:06 AM codeu.chat.server.Server$2 run
INFO: Connection handled: ACCEPTED
May 30, 2017 1:46:07 AM codeu.chat.ServerMain runServer
INFO: Connection established.
May 30, 2017 1:46:07 AM codeu.chat.ServerMain runServer
INFO: Established connection...
May 30, 2017 1:46:07 AM codeu.chat.server.Server$2 run
INFO: Handling connection...
May 30, 2017 1:46:07 AM codeu.chat.server.Server$2 run
INFO: Connection handled: ACCEPTED
May 30, 2017 1:46:07 AM codeu.chat.ServerMain runServer
INFO: Connection established.
May 30, 2017 1:46:07 AM codeu.chat.ServerMain runServer
INFO: Established connection...
May 30, 2017 1:46:07 AM codeu.chat.server.Server$2 run
INFO: Handling connection...
May 30, 2017 1:46:07 AM codeu.chat.server.View getMessages
INFO: in getMessage: UUID=[UUID:100.711065094] range=5
May 30, 2017 1:46:07 AM codeu.chat.server.Server$2 run
INFO: Connection handled: ACCEPTED
May 30, 2017 1:46:07 AM codeu.chat.ServerMain runServer
INFO: Connection established.
May 30, 2017 1:46:07 AM codeu.chat.ServerMain runServer
INFO: Established connection...
May 30, 2017 1:46:07 AM codeu.chat.server.Server$2 run
INFO: Handling connection...
May 30, 2017 1:46:07 AM codeu.chat.server.View getMessages
INFO: in getMessage: UUID=[UUID:100.3499917599] range=5
May 30, 2017 1:46:07 AM codeu.chat.server.Server$2 run
INFO: Connection handled: ACCEPTED
May 30, 2017 1:46:08 AM codeu.chat.server.Server$1 run
INFO: Reading update from relay...
